{"message":"Servicio Funcionando, ","level":"low","created":"2025-03-12T18:32:10.397Z","origin":"checks-service.ts"} 
{"message":"Servicio Funcionando, ","level":"low","created":"2025-03-12T18:32:15.273Z","origin":"checks-service.ts"} 
{"message":"Servicio Funcionando, ","level":"low","created":"2025-03-12T18:32:20.319Z","origin":"checks-service.ts"} 
{"message":"Servicio Funcionando, ","level":"low","created":"2025-03-12T18:32:25.304Z","origin":"checks-service.ts"} 
{"message":"Email Sent","level":"low","created":"2025-03-12T22:31:33.449Z","origin":"email.service.ts"} 
{"message":"Email was not Sent","level":"high","created":"2025-03-12T22:33:57.821Z","origin":"email.service.ts"} 
{"message":"Email was not Sent","level":"high","created":"2025-03-12T22:34:01.885Z","origin":"email.service.ts"} 
{"message":"Log email sent","level":"high","created":"2025-03-12T22:50:57.154Z","origin":"send-logs.ts"} 
{"message":"Service http://google.com working, ","level":"LOW","created":"2025-03-13T20:51:05.347Z","origin":"checks-service.ts"} 
{"message":"Service http://google.com working, ","level":"low","created":"2025-03-13T20:58:30.323Z","origin":"checks-service.ts"} 
{"message":"Service http://google.com working, ","level":"low","created":"2025-03-13T20:58:35.272Z","origin":"checks-service.ts"} 
{"message":"Service http://google.com working, ","level":"low","created":"2025-03-13T20:58:40.274Z","origin":"checks-service.ts"} 
{"message":"Service http://google.com working, ","level":"low","created":"2025-03-13T20:58:45.273Z","origin":"checks-service.ts"} 
{"message":"Service http://google.com working, ","level":"low","created":"2025-03-13T20:58:50.250Z","origin":"checks-service.ts"} 
{"message":"Service http://google.com working, ","level":"low","created":"2025-03-13T20:58:55.279Z","origin":"checks-service.ts"} 
{"message":"Service http://google.com working, ","level":"low","created":"2025-03-13T20:59:00.257Z","origin":"checks-service.ts"} 
{"message":"Service http://google.com working, ","level":"low","created":"2025-03-13T20:59:06.384Z","origin":"checks-service.ts"} 
{"message":"Service http://google.com working, ","level":"low","created":"2025-03-13T20:59:10.161Z","origin":"checks-service.ts"} 
{"message":"Service http://google.com working, ","level":"low","created":"2025-03-13T20:59:15.244Z","origin":"checks-service.ts"} 
{"message":"Service http://google.com working, ","level":"low","created":"2025-03-13T20:59:20.257Z","origin":"checks-service.ts"} 
{"message":"Service http://google.com working, ","level":"low","created":"2025-03-13T20:59:25.251Z","origin":"checks-service.ts"} 
{"message":"Service http://google.com working, ","level":"low","created":"2025-03-13T20:59:30.257Z","origin":"checks-service.ts"} 
{"message":"Service http://google.com working, ","level":"low","created":"2025-03-13T20:59:35.307Z","origin":"checks-service.ts"} 
{"message":"Service http://google.com working, ","level":"low","created":"2025-03-13T20:59:40.256Z","origin":"checks-service.ts"} 
